::1 - - [27/Sep/2019:00:38:51 +0000] "GET / HTTP/1.1" 200 12974 "-" "PostmanRuntime/7.17.1"
::1 - - [27/Sep/2019:00:56:51 +0000] "GET / HTTP/1.1" 200 12974 "-" "Mozilla/5.0 (Windows NT 10.0; WOW64) AppleWebKit/537.36 (KHTML, like Gecko) Chrome/77.0.3865.90 Safari/537.36"
::1 - - [27/Sep/2019:00:56:52 +0000] "GET /favicon.ico HTTP/1.1" 404 1138 "http://localhost:3000/" "Mozilla/5.0 (Windows NT 10.0; WOW64) AppleWebKit/537.36 (KHTML, like Gecko) Chrome/77.0.3865.90 Safari/537.36"
::1 - - [27/Sep/2019:00:56:55 +0000] "GET /search/query=%E7%94%9F%E6%B4%BB HTTP/1.1" 404 1138 "-" "Mozilla/5.0 (Windows NT 10.0; WOW64) AppleWebKit/537.36 (KHTML, like Gecko) Chrome/77.0.3865.90 Safari/537.36"
::1 - - [27/Sep/2019:00:56:58 +0000] "GET /search/query=%E7%94%9F%E6%B4%BB HTTP/1.1" 404 1138 "-" "Mozilla/5.0 (Windows NT 10.0; WOW64) AppleWebKit/537.36 (KHTML, like Gecko) Chrome/77.0.3865.90 Safari/537.36"
::1 - - [27/Sep/2019:00:57:01 +0000] "GET /search/query=%E7%94%9F%E6%B4%BB HTTP/1.1" 404 1138 "-" "Mozilla/5.0 (Windows NT 10.0; WOW64) AppleWebKit/537.36 (KHTML, like Gecko) Chrome/77.0.3865.90 Safari/537.36"
::1 - - [27/Sep/2019:00:57:02 +0000] "GET /search/query=%E7%94%9F%E6%B4%BB HTTP/1.1" 404 1138 "-" "Mozilla/5.0 (Windows NT 10.0; WOW64) AppleWebKit/537.36 (KHTML, like Gecko) Chrome/77.0.3865.90 Safari/537.36"
::1 - - [27/Sep/2019:00:57:32 +0000] "GET /search/query=%E7%94%9F%E6%B4%BB HTTP/1.1" 404 1138 "-" "Mozilla/5.0 (Windows NT 10.0; WOW64) AppleWebKit/537.36 (KHTML, like Gecko) Chrome/77.0.3865.90 Safari/537.36"
::1 - - [27/Sep/2019:01:31:23 +0000] "GET /search/query=%E7%94%9F%E6%B4%BB HTTP/1.1" 404 1138 "-" "Mozilla/5.0 (Windows NT 10.0; WOW64) AppleWebKit/537.36 (KHTML, like Gecko) Chrome/77.0.3865.90 Safari/537.36"
::1 - - [27/Sep/2019:01:31:54 +0000] "GET /search/query=%E7%94%9F%E6%B4%BB HTTP/1.1" 404 1206 "-" "Mozilla/5.0 (Windows NT 10.0; WOW64) AppleWebKit/537.36 (KHTML, like Gecko) Chrome/77.0.3865.90 Safari/537.36"
::1 - - [27/Sep/2019:01:32:29 +0000] "GET /search/query=%E7%94%9F%E6%B4%BB HTTP/1.1" 404 1138 "-" "Mozilla/5.0 (Windows NT 10.0; WOW64) AppleWebKit/537.36 (KHTML, like Gecko) Chrome/77.0.3865.90 Safari/537.36"
::1 - - [27/Sep/2019:01:32:52 +0000] "GET /search/query=%E7%94%9F%E6%B4%BB HTTP/1.1" 404 1138 "-" "Mozilla/5.0 (Windows NT 10.0; WOW64) AppleWebKit/537.36 (KHTML, like Gecko) Chrome/77.0.3865.90 Safari/537.36"
::1 - - [27/Sep/2019:01:33:02 +0000] "GET /search/query=%E7%94%9F%E6%B4%BB HTTP/1.1" 404 1206 "-" "Mozilla/5.0 (Windows NT 10.0; WOW64) AppleWebKit/537.36 (KHTML, like Gecko) Chrome/77.0.3865.90 Safari/537.36"
::1 - - [27/Sep/2019:01:33:35 +0000] "GET /search/query=%E7%94%9F%E6%B4%BB HTTP/1.1" 404 1206 "-" "Mozilla/5.0 (Windows NT 10.0; WOW64) AppleWebKit/537.36 (KHTML, like Gecko) Chrome/77.0.3865.90 Safari/537.36"
::1 - - [27/Sep/2019:01:33:40 +0000] "GET / HTTP/1.1" 304 - "-" "Mozilla/5.0 (Windows NT 10.0; WOW64) AppleWebKit/537.36 (KHTML, like Gecko) Chrome/77.0.3865.90 Safari/537.36"
::1 - - [27/Sep/2019:01:41:21 +0000] "GET /search/query=%E7%94%9F%E6%B4%BB HTTP/1.1" 404 1206 "-" "Mozilla/5.0 (Windows NT 10.0; WOW64) AppleWebKit/537.36 (KHTML, like Gecko) Chrome/77.0.3865.90 Safari/537.36"
::1 - - [27/Sep/2019:01:41:46 +0000] "GET / HTTP/1.1" 200 12974 "-" "PostmanRuntime/7.17.1"
::1 - - [27/Sep/2019:01:43:47 +0000] "GET /search HTTP/1.1" - - "-" "Mozilla/5.0 (Windows NT 10.0; WOW64) AppleWebKit/537.36 (KHTML, like Gecko) Chrome/77.0.3865.90 Safari/537.36"
::1 - - [27/Sep/2019:01:43:48 +0000] "GET / HTTP/1.1" 304 - "-" "Mozilla/5.0 (Windows NT 10.0; WOW64) AppleWebKit/537.36 (KHTML, like Gecko) Chrome/77.0.3865.90 Safari/537.36"
::1 - - [27/Sep/2019:01:44:07 +0000] "GET /search/query=%E7%94%9F%E6%B4%BB HTTP/1.1" 404 1138 "-" "Mozilla/5.0 (Windows NT 10.0; WOW64) AppleWebKit/537.36 (KHTML, like Gecko) Chrome/77.0.3865.90 Safari/537.36"
::1 - - [27/Sep/2019:01:48:54 +0000] "GET /search/query=%E7%94%9F%E6%B4%BB HTTP/1.1" 404 1138 "-" "Mozilla/5.0 (Windows NT 10.0; WOW64) AppleWebKit/537.36 (KHTML, like Gecko) Chrome/77.0.3865.90 Safari/537.36"
::1 - - [27/Sep/2019:01:48:56 +0000] "GET /search/query=%E7%94%9F%E6%B4%BB HTTP/1.1" 404 1138 "-" "Mozilla/5.0 (Windows NT 10.0; WOW64) AppleWebKit/537.36 (KHTML, like Gecko) Chrome/77.0.3865.90 Safari/537.36"
::1 - - [27/Sep/2019:01:48:57 +0000] "GET /search/query=%E7%94%9F%E6%B4%BB HTTP/1.1" 404 1138 "-" "Mozilla/5.0 (Windows NT 10.0; WOW64) AppleWebKit/537.36 (KHTML, like Gecko) Chrome/77.0.3865.90 Safari/537.36"
::1 - - [27/Sep/2019:01:48:58 +0000] "GET /search/query=%E7%94%9F%E6%B4%BB HTTP/1.1" 404 1138 "-" "Mozilla/5.0 (Windows NT 10.0; WOW64) AppleWebKit/537.36 (KHTML, like Gecko) Chrome/77.0.3865.90 Safari/537.36"
::1 - - [27/Sep/2019:01:49:48 +0000] "GET /search/query=%E7%94%9F%E6%B4%BB HTTP/1.1" 404 1138 "-" "Mozilla/5.0 (Windows NT 10.0; WOW64) AppleWebKit/537.36 (KHTML, like Gecko) Chrome/77.0.3865.90 Safari/537.36"
::1 - - [27/Sep/2019:01:49:51 +0000] "GET /search/query=%E7%94%9F%E6%B4%BB HTTP/1.1" 404 1138 "-" "Mozilla/5.0 (Windows NT 10.0; WOW64) AppleWebKit/537.36 (KHTML, like Gecko) Chrome/77.0.3865.90 Safari/537.36"
::1 - - [27/Sep/2019:01:53:04 +0000] "GET /search/query=%E7%94%9F%E6%B4%BB HTTP/1.1" 404 1138 "-" "Mozilla/5.0 (Windows NT 10.0; WOW64) AppleWebKit/537.36 (KHTML, like Gecko) Chrome/77.0.3865.90 Safari/537.36"
::1 - - [27/Sep/2019:01:53:09 +0000] "GET /search%EF%BC%9Fquery=%E7%94%9F%E6%B4%BB HTTP/1.1" 404 1138 "-" "Mozilla/5.0 (Windows NT 10.0; WOW64) AppleWebKit/537.36 (KHTML, like Gecko) Chrome/77.0.3865.90 Safari/537.36"
::1 - - [27/Sep/2019:01:53:41 +0000] "GET /search/query=%E7%94%9F%E6%B4%BB HTTP/1.1" 404 1138 "-" "Mozilla/5.0 (Windows NT 10.0; WOW64) AppleWebKit/537.36 (KHTML, like Gecko) Chrome/77.0.3865.90 Safari/537.36"
::1 - - [27/Sep/2019:01:53:53 +0000] "GET /search/query=%E7%94%9F%E6%B4%BB HTTP/1.1" 404 1138 "-" "Mozilla/5.0 (Windows NT 10.0; WOW64) AppleWebKit/537.36 (KHTML, like Gecko) Chrome/77.0.3865.90 Safari/537.36"
::1 - - [27/Sep/2019:02:15:28 +0000] "GET /search/query=%E7%94%9F%E6%B4%BB HTTP/1.1" 404 1138 "-" "Mozilla/5.0 (Windows NT 10.0; WOW64) AppleWebKit/537.36 (KHTML, like Gecko) Chrome/77.0.3865.90 Safari/537.36"
::1 - - [27/Sep/2019:02:20:37 +0000] "GET /search/query=%E7%94%9F%E6%B4%BB HTTP/1.1" 404 1138 "-" "Mozilla/5.0 (Windows NT 10.0; WOW64) AppleWebKit/537.36 (KHTML, like Gecko) Chrome/77.0.3865.90 Safari/537.36"
::1 - - [27/Sep/2019:02:20:39 +0000] "GET /search/query=%E7%94%9F%E6%B4%BB HTTP/1.1" 404 1138 "-" "Mozilla/5.0 (Windows NT 10.0; WOW64) AppleWebKit/537.36 (KHTML, like Gecko) Chrome/77.0.3865.90 Safari/537.36"
::1 - - [27/Sep/2019:02:20:40 +0000] "GET /search/query=%E7%94%9F%E6%B4%BB HTTP/1.1" 404 1138 "-" "Mozilla/5.0 (Windows NT 10.0; WOW64) AppleWebKit/537.36 (KHTML, like Gecko) Chrome/77.0.3865.90 Safari/537.36"
::1 - - [27/Sep/2019:02:21:09 +0000] "GET /search/query=%E7%94%9F%E6%B4%BB HTTP/1.1" 404 1138 "-" "Mozilla/5.0 (Windows NT 10.0; WOW64) AppleWebKit/537.36 (KHTML, like Gecko) Chrome/77.0.3865.90 Safari/537.36"
::1 - - [27/Sep/2019:02:21:49 +0000] "GET /search/query=%E7%94%9F%E6%B4%BB HTTP/1.1" 404 1138 "-" "Mozilla/5.0 (Windows NT 10.0; WOW64) AppleWebKit/537.36 (KHTML, like Gecko) Chrome/77.0.3865.90 Safari/537.36"
::1 - - [27/Sep/2019:02:21:51 +0000] "GET /search/query=%E7%94%9F%E6%B4%BB HTTP/1.1" 404 1138 "-" "Mozilla/5.0 (Windows NT 10.0; WOW64) AppleWebKit/537.36 (KHTML, like Gecko) Chrome/77.0.3865.90 Safari/537.36"
::1 - - [27/Sep/2019:02:24:35 +0000] "GET /search/query=%E7%94%9F%E6%B4%BB HTTP/1.1" 404 1138 "-" "Mozilla/5.0 (Windows NT 10.0; WOW64) AppleWebKit/537.36 (KHTML, like Gecko) Chrome/77.0.3865.90 Safari/537.36"
::1 - - [27/Sep/2019:02:24:35 +0000] "GET /favicon.ico HTTP/1.1" 404 1138 "http://localhost:3000/search/query=%E7%94%9F%E6%B4%BB" "Mozilla/5.0 (Windows NT 10.0; WOW64) AppleWebKit/537.36 (KHTML, like Gecko) Chrome/77.0.3865.90 Safari/537.36"
::1 - - [27/Sep/2019:02:24:39 +0000] "GET / HTTP/1.1" 304 - "-" "Mozilla/5.0 (Windows NT 10.0; WOW64) AppleWebKit/537.36 (KHTML, like Gecko) Chrome/77.0.3865.90 Safari/537.36"
::1 - - [27/Sep/2019:02:36:54 +0000] "GET /ranking HTTP/1.1" 200 12 "-" "Mozilla/5.0 (Windows NT 10.0; WOW64) AppleWebKit/537.36 (KHTML, like Gecko) Chrome/77.0.3865.90 Safari/537.36"
::1 - - [27/Sep/2019:02:59:37 +0000] "GET /ranking HTTP/1.1" 304 - "-" "Mozilla/5.0 (Windows NT 10.0; WOW64) AppleWebKit/537.36 (KHTML, like Gecko) Chrome/77.0.3865.90 Safari/537.36"
::1 - - [27/Sep/2019:02:59:40 +0000] "GET /ranking HTTP/1.1" 304 - "-" "Mozilla/5.0 (Windows NT 10.0; WOW64) AppleWebKit/537.36 (KHTML, like Gecko) Chrome/77.0.3865.90 Safari/537.36"
::1 - - [27/Sep/2019:02:59:49 +0000] "GET /ranking HTTP/1.1" 200 6497 "-" "Mozilla/5.0 (Windows NT 10.0; WOW64) AppleWebKit/537.36 (KHTML, like Gecko) Chrome/77.0.3865.90 Safari/537.36"
::1 - - [27/Sep/2019:03:04:05 +0000] "GET /ranking HTTP/1.1" 304 - "-" "Mozilla/5.0 (Windows NT 10.0; WOW64) AppleWebKit/537.36 (KHTML, like Gecko) Chrome/77.0.3865.90 Safari/537.36"
::1 - - [27/Sep/2019:03:12:13 +0000] "GET /ranking/564eb8a9cf77e9b25056162d HTTP/1.1" 404 1138 "-" "Mozilla/5.0 (Windows NT 10.0; WOW64) AppleWebKit/537.36 (KHTML, like Gecko) Chrome/77.0.3865.90 Safari/537.36"
::1 - - [27/Sep/2019:03:12:16 +0000] "GET /ranking/564eb8a9cf77e9b25056162d HTTP/1.1" 404 1138 "-" "Mozilla/5.0 (Windows NT 10.0; WOW64) AppleWebKit/537.36 (KHTML, like Gecko) Chrome/77.0.3865.90 Safari/537.36"
::1 - - [27/Sep/2019:03:13:15 +0000] "GET /ranking/564eb8a9cf77e9b25056162d HTTP/1.1" - - "-" "Mozilla/5.0 (Windows NT 10.0; WOW64) AppleWebKit/537.36 (KHTML, like Gecko) Chrome/77.0.3865.90 Safari/537.36"
::1 - - [27/Sep/2019:03:13:16 +0000] "GET /ranking HTTP/1.1" 304 - "-" "Mozilla/5.0 (Windows NT 10.0; WOW64) AppleWebKit/537.36 (KHTML, like Gecko) Chrome/77.0.3865.90 Safari/537.36"
::1 - - [27/Sep/2019:03:13:24 +0000] "GET /search HTTP/1.1" 200 34 "-" "Mozilla/5.0 (Windows NT 10.0; WOW64) AppleWebKit/537.36 (KHTML, like Gecko) Chrome/77.0.3865.90 Safari/537.36"
::1 - - [27/Sep/2019:03:13:59 +0000] "GET /ranking/564eb8a9cf77e9b25056162d HTTP/1.1" - - "-" "Mozilla/5.0 (Windows NT 10.0; WOW64) AppleWebKit/537.36 (KHTML, like Gecko) Chrome/77.0.3865.90 Safari/537.36"
::1 - - [27/Sep/2019:03:15:52 +0000] "GET /ranking/564eeeabed24953671f2a577 HTTP/1.1" - - "-" "Mozilla/5.0 (Windows NT 10.0; WOW64) AppleWebKit/537.36 (KHTML, like Gecko) Chrome/77.0.3865.90 Safari/537.36"
::1 - - [27/Sep/2019:03:15:53 +0000] "GET /ranking/564eb8a9cf77e9b25056162d HTTP/1.1" - - "-" "Mozilla/5.0 (Windows NT 10.0; WOW64) AppleWebKit/537.36 (KHTML, like Gecko) Chrome/77.0.3865.90 Safari/537.36"
::1 - - [27/Sep/2019:03:16:04 +0000] "GET /ranking HTTP/1.1" 200 6531 "-" "Mozilla/5.0 (Windows NT 10.0; WOW64) AppleWebKit/537.36 (KHTML, like Gecko) Chrome/77.0.3865.90 Safari/537.36"
::1 - - [27/Sep/2019:03:51:14 +0000] "GET /ranking HTTP/1.1" 304 - "-" "Mozilla/5.0 (Windows NT 10.0; WOW64) AppleWebKit/537.36 (KHTML, like Gecko) Chrome/77.0.3865.90 Safari/537.36"
::1 - - [27/Sep/2019:03:53:34 +0000] "GET /ranking HTTP/1.1" 200 6531 "-" "PostmanRuntime/7.17.1"
::1 - - [27/Sep/2019:03:54:11 +0000] "GET /ranking/54d43437d47d13ff21cad58b HTTP/1.1" - - "http://blog.langpz.com/%E4%BD%BF%E7%94%A8Express%E5%BC%80%E5%8F%91%E5%B0%8F%E8%AF%B4API%E6%8E%A5%E5%8F%A3%E6%9C%8D%E5%8A%A1-%E4%BA%8C.html" "Mozilla/5.0 (Windows NT 10.0; WOW64) AppleWebKit/537.36 (KHTML, like Gecko) Chrome/77.0.3865.90 Safari/537.36"
::1 - - [27/Sep/2019:03:54:56 +0000] "GET /ranking/54d43437d47d13ff21cad58b HTTP/1.1" - - "-" "PostmanRuntime/7.17.1"
::1 - - [27/Sep/2019:03:55:05 +0000] "GET /ranking/54d43437d47d13ff21cad58b HTTP/1.1" - - "http://blog.langpz.com/%E4%BD%BF%E7%94%A8Express%E5%BC%80%E5%8F%91%E5%B0%8F%E8%AF%B4API%E6%8E%A5%E5%8F%A3%E6%9C%8D%E5%8A%A1-%E4%BA%8C.html" "Mozilla/5.0 (Windows NT 10.0; WOW64) AppleWebKit/537.36 (KHTML, like Gecko) Chrome/77.0.3865.90 Safari/537.36"
::1 - - [27/Sep/2019:03:56:11 +0000] "GET /ranking/54d43437d47d13ff21cad58b HTTP/1.1" - - "http://blog.langpz.com/%E4%BD%BF%E7%94%A8Express%E5%BC%80%E5%8F%91%E5%B0%8F%E8%AF%B4API%E6%8E%A5%E5%8F%A3%E6%9C%8D%E5%8A%A1-%E4%BA%8C.html" "Mozilla/5.0 (Windows NT 10.0; WOW64) AppleWebKit/537.36 (KHTML, like Gecko) Chrome/77.0.3865.90 Safari/537.36"
::1 - - [27/Sep/2019:03:57:42 +0000] "GET /ranking/54d43437d47d13ff21cad58b HTTP/1.1" - - "-" "Mozilla/5.0 (Windows NT 10.0; WOW64) AppleWebKit/537.36 (KHTML, like Gecko) Chrome/77.0.3865.90 Safari/537.36"
::1 - - [27/Sep/2019:03:58:19 +0000] "GET /ranking/54d43437d47d13ff21cad58b HTTP/1.1" - - "-" "Mozilla/5.0 (Windows NT 10.0; WOW64) AppleWebKit/537.36 (KHTML, like Gecko) Chrome/77.0.3865.90 Safari/537.36"
::1 - - [27/Sep/2019:04:00:19 +0000] "GET /ranking/548e97e29fb698a01dc6ee6f HTTP/1.1" - - "-" "Mozilla/5.0 (Windows NT 10.0; WOW64) AppleWebKit/537.36 (KHTML, like Gecko) Chrome/77.0.3865.90 Safari/537.36"
::1 - - [27/Sep/2019:04:02:19 +0000] "GET /ranking/548e97e29fb698a01dc6ee6f HTTP/1.1" - - "-" "Mozilla/5.0 (Windows NT 10.0; WOW64) AppleWebKit/537.36 (KHTML, like Gecko) Chrome/77.0.3865.90 Safari/537.36"
::1 - - [27/Sep/2019:07:16:00 +0000] "GET /ranking/54d43437d47d13ff21cad58b HTTP/1.1" - - "-" "Mozilla/5.0 (Windows NT 10.0; WOW64) AppleWebKit/537.36 (KHTML, like Gecko) Chrome/77.0.3865.90 Safari/537.36"
